<?xml version="1.0" encoding="UTF-8"?>
<!-- Generated by org.testng.reporters.JUnitXMLReporter -->
<testsuite ignored="4" hostname="DESKTOP-5BKKI8L" failures="1" tests="11" name="Surefire test" time="41.023" errors="0" timestamp="2024-05-15T01:18:11 PDT">
  <testcase classname="com.allianz.base.AutomationWrapper" name="@BeforeMethod setUp" time="0.002">
    <failure type="java.lang.NullPointerException">
      <![CDATA[java.lang.NullPointerException
at com.allianz.base.AutomationWrapper.setUp(AutomationWrapper.java:54)
at java.base/java.util.ArrayList.forEach(ArrayList.java:1541)
... Removed 36 stack frames]]>
    </failure>
  </testcase> <!-- @BeforeMethod setUp -->
  <testcase classname="com.allianz.base.AutomationWrapper" name="@AfterMethod teardown" time="0.002">
    <failure type="java.lang.NullPointerException">
      <![CDATA[java.lang.NullPointerException
at com.allianz.base.AutomationWrapper.teardown(AutomationWrapper.java:87)
at java.base/java.util.ArrayList.forEach(ArrayList.java:1541)
... Removed 37 stack frames]]>
    </failure>
  </testcase> <!-- @AfterMethod teardown -->
  <testcase classname="com.allianz.base.AutomationWrapper" name="@BeforeMethod setUp" time="0.002">
    <failure type="java.lang.NullPointerException">
      <![CDATA[java.lang.NullPointerException
at com.allianz.base.AutomationWrapper.setUp(AutomationWrapper.java:54)
at java.base/java.util.ArrayList.forEach(ArrayList.java:1541)
... Removed 36 stack frames]]>
    </failure>
  </testcase> <!-- @BeforeMethod setUp -->
  <testcase classname="com.allianz.base.AutomationWrapper" name="@AfterMethod teardown" time="0.001">
    <failure type="java.lang.NullPointerException">
      <![CDATA[java.lang.NullPointerException
at com.allianz.base.AutomationWrapper.teardown(AutomationWrapper.java:87)
at java.base/java.util.ArrayList.forEach(ArrayList.java:1541)
... Removed 37 stack frames]]>
    </failure>
  </testcase> <!-- @AfterMethod teardown -->
  <testcase classname="com.allianz.base.AutomationWrapper" name="@BeforeMethod setUp" time="0.001">
    <failure type="java.lang.NullPointerException">
      <![CDATA[java.lang.NullPointerException
at com.allianz.base.AutomationWrapper.setUp(AutomationWrapper.java:54)
at java.base/java.util.ArrayList.forEach(ArrayList.java:1541)
... Removed 36 stack frames]]>
    </failure>
  </testcase> <!-- @BeforeMethod setUp -->
  <testcase classname="com.allianz.base.AutomationWrapper" name="@AfterMethod teardown" time="0.001">
    <failure type="java.lang.NullPointerException">
      <![CDATA[java.lang.NullPointerException
at com.allianz.base.AutomationWrapper.teardown(AutomationWrapper.java:87)
at java.base/java.util.ArrayList.forEach(ArrayList.java:1541)
... Removed 37 stack frames]]>
    </failure>
  </testcase> <!-- @AfterMethod teardown -->
  <testcase classname="com.allianz.base.AutomationWrapper" name="@BeforeMethod setUp" time="0.001">
    <failure type="java.lang.NullPointerException">
      <![CDATA[java.lang.NullPointerException
at com.allianz.base.AutomationWrapper.setUp(AutomationWrapper.java:54)
at java.base/java.util.ArrayList.forEach(ArrayList.java:1541)
... Removed 36 stack frames]]>
    </failure>
  </testcase> <!-- @BeforeMethod setUp -->
  <testcase classname="com.allianz.base.AutomationWrapper" name="@AfterMethod teardown" time="0.001">
    <failure type="java.lang.NullPointerException">
      <![CDATA[java.lang.NullPointerException
at com.allianz.base.AutomationWrapper.teardown(AutomationWrapper.java:87)
at java.base/java.util.ArrayList.forEach(ArrayList.java:1541)
... Removed 37 stack frames]]>
    </failure>
  </testcase> <!-- @AfterMethod teardown -->
  <testcase classname="com.allianz.base.AutomationWrapper" name="@BeforeMethod setUp" time="0.004">
    <failure type="java.lang.NullPointerException">
      <![CDATA[java.lang.NullPointerException
at com.allianz.base.AutomationWrapper.setUp(AutomationWrapper.java:54)
at java.base/java.util.ArrayList.forEach(ArrayList.java:1541)
... Removed 36 stack frames]]>
    </failure>
  </testcase> <!-- @BeforeMethod setUp -->
  <testcase classname="com.allianz.base.AutomationWrapper" name="@AfterMethod teardown" time="0.004">
    <failure type="java.lang.NullPointerException">
      <![CDATA[java.lang.NullPointerException
at com.allianz.base.AutomationWrapper.teardown(AutomationWrapper.java:87)
at java.base/java.util.ArrayList.forEach(ArrayList.java:1541)
... Removed 37 stack frames]]>
    </failure>
  </testcase> <!-- @AfterMethod teardown -->
  <testcase classname="com.allianz.base.AutomationWrapper" name="@BeforeMethod setUp" time="0.002">
    <failure type="java.lang.NullPointerException">
      <![CDATA[java.lang.NullPointerException
at com.allianz.base.AutomationWrapper.setUp(AutomationWrapper.java:54)
at java.base/java.util.ArrayList.forEach(ArrayList.java:1541)
... Removed 36 stack frames]]>
    </failure>
  </testcase> <!-- @BeforeMethod setUp -->
  <testcase classname="com.allianz.base.AutomationWrapper" name="@AfterMethod teardown" time="0.001">
    <failure type="java.lang.NullPointerException">
      <![CDATA[java.lang.NullPointerException
at com.allianz.base.AutomationWrapper.teardown(AutomationWrapper.java:87)
at java.base/java.util.ArrayList.forEach(ArrayList.java:1541)
... Removed 37 stack frames]]>
    </failure>
  </testcase> <!-- @AfterMethod teardown -->
  <testcase classname="com.allianz.test.AddEmployeeTest" name="addEmployee" time="9.853">
    <failure type="java.lang.IllegalArgumentException" message="Locator must be set">
      <![CDATA[java.lang.IllegalArgumentException: Locator must be set
at org.openqa.selenium.internal.Require.nonNull(Require.java:60)
at org.openqa.selenium.remote.RemoteWebDriver.findElement(RemoteWebDriver.java:347)
at com.allianz.base.WebDriverKeywords.getText(WebDriverKeywords.java:31)
at com.allianz.pages.PIMPage.getEmpName(PIMPage.java:50)
at com.allianz.test.AddEmployeeTest.addEmployee(AddEmployeeTest.java:58)
at java.base/java.util.ArrayList.forEach(ArrayList.java:1541)
... Removed 32 stack frames]]>
    </failure>
  </testcase> <!-- addEmployee -->
  <testcase classname="com.allianz.test.AddEmployeeTest" name="uploadInvalidDisplayPictureTest" time="8.778"/>
  <testcase classname="com.allianz.test.LoginTest" name="invalidLoginTest" time="0.001">
    <skipped/>
  </testcase> <!-- invalidLoginTest -->
  <testcase classname="com.allianz.test.LoginTest" name="invalidLoginTest" time="0.0">
    <skipped/>
  </testcase> <!-- invalidLoginTest -->
  <testcase classname="com.allianz.test.LoginTest" name="validLoginTest" time="0.001">
    <skipped/>
  </testcase> <!-- validLoginTest -->
  <testcase classname="com.allianz.test.LoginTest" name="validLoginTest" time="0.0">
    <skipped/>
  </testcase> <!-- validLoginTest -->
  <testcase classname="com.allianz.test.LoginUITest" name="applicationTest" time="0.0">
    <skipped/>
  </testcase> <!-- applicationTest -->
  <testcase classname="com.allianz.test.LoginUITest" name="titleTest" time="0.001">
    <skipped/>
  </testcase> <!-- titleTest -->
  <testcase classname="com.allianz.test.ZDemoTest" name="validTest" time="0.001"/>
  <testcase classname="com.allianz.test.ZDemoTest" name="validTest" time="0.001"/>
  <testcase classname="com.allianz.test.ZDemoTest" name="validTest" time="0.001"/>
  <testcase classname="com.allianz.base.AutomationWrapper" name="@AfterSuite end" time="0.0">
    <ignored/>
  </testcase> <!-- @AfterSuite end -->
  <testcase classname="com.allianz.base.AutomationWrapper" name="@BeforeSuite init" time="0.0">
    <ignored/>
  </testcase> <!-- @BeforeSuite init -->
  <testcase classname="com.allianz.base.AutomationWrapper" name="@AfterSuite end" time="0.0">
    <ignored/>
  </testcase> <!-- @AfterSuite end -->
  <testcase classname="com.allianz.base.AutomationWrapper" name="@BeforeSuite init" time="0.0">
    <ignored/>
  </testcase> <!-- @BeforeSuite init -->
</testsuite> <!-- Surefire test -->
