<?xml version="1.0" encoding="UTF-8"?>
<!-- Generated by org.testng.reporters.JUnitXMLReporter -->
<testsuite ignored="1" hostname="DESKTOP-5BKKI8L" failures="0" tests="2" name="Default test" time="25.856" errors="0" timestamp="2024-04-22T23:53:18 PDT">
  <testcase classname="com.allianz.test.LoginTest" name="validLoginTest" time="4.077"/>
  <testcase classname="com.allianz.test.LoginTest" name="validLoginTest" time="4.084"/>
  <testcase classname="com.allianz.test.LoginTest" name="invalidLoginTest" time="0.0">
    <ignored/>
  </testcase> <!-- invalidLoginTest -->
</testsuite> <!-- Default test -->
