<?xml version="1.0" encoding="UTF-8"?>
<testng-results ignored="0" total="1" passed="1" failed="0" skipped="0">
  <reporter-output>
  </reporter-output>
  <suite started-at="2024-04-17T23:21:05 PDT" name="Default suite" finished-at="2024-04-17T23:21:27 PDT" duration-ms="21161">
    <groups>
    </groups>
    <test started-at="2024-04-17T23:21:05 PDT" name="Default test" finished-at="2024-04-17T23:21:27 PDT" duration-ms="21161">
      <class name="com.allianz.test.AddEmployeeTest">
        <test-method is-config="true" signature="setUp()[pri:0, instance:com.allianz.test.AddEmployeeTest@2d710f1a]" started-at="2024-04-17T23:21:05 PDT" name="setUp" finished-at="2024-04-17T23:21:16 PDT" duration-ms="10085" status="PASS">
          <reporter-output>
          </reporter-output>
        </test-method> <!-- setUp -->
        <test-method signature="uploadInvalidDisplayPictureTest()[pri:0, instance:com.allianz.test.AddEmployeeTest@2d710f1a]" started-at="2024-04-17T23:21:16 PDT" name="uploadInvalidDisplayPictureTest" finished-at="2024-04-17T23:21:26 PDT" duration-ms="10465" status="PASS">
          <reporter-output>
          </reporter-output>
        </test-method> <!-- uploadInvalidDisplayPictureTest -->
        <test-method is-config="true" signature="teardown()[pri:0, instance:com.allianz.test.AddEmployeeTest@2d710f1a]" started-at="2024-04-17T23:21:26 PDT" name="teardown" finished-at="2024-04-17T23:21:26 PDT" duration-ms="475" status="PASS">
          <reporter-output>
          </reporter-output>
        </test-method> <!-- teardown -->
      </class> <!-- com.allianz.test.AddEmployeeTest -->
    </test> <!-- Default test -->
  </suite> <!-- Default suite -->
</testng-results>
