<?xml version="1.0" encoding="UTF-8"?>
<testng-results ignored="0" total="1" passed="1" failed="0" skipped="0">
  <reporter-output>
  </reporter-output>
  <suite started-at="2024-04-25T05:05:44 PDT" name="Default suite" finished-at="2024-04-25T05:06:01 PDT" duration-ms="17126">
    <groups>
    </groups>
    <test started-at="2024-04-25T05:05:44 PDT" name="Default test" finished-at="2024-04-25T05:06:01 PDT" duration-ms="17126">
      <class name="com.allianz.test.AddEmployeeTest">
        <test-method is-config="true" signature="setUp()[pri:0, instance:com.allianz.test.AddEmployeeTest@3f6f6701]" started-at="2024-04-25T05:05:46 PDT" name="setUp" finished-at="2024-04-25T05:06:01 PDT" duration-ms="15119" status="PASS">
          <reporter-output>
          </reporter-output>
        </test-method> <!-- setUp -->
        <test-method signature="addEmployee(java.lang.String,java.lang.String,java.lang.String,java.lang.String)[pri:0, instance:com.allianz.test.AddEmployeeTest@3f6f6701]" started-at="2024-04-25T05:06:01 PDT" name="addEmployee" data-provider="commonDataProvider" finished-at="2024-04-25T05:06:01 PDT" duration-ms="20" status="PASS">
          <params>
            <param index="0">
              <value>
                <![CDATA[Admin]]>
              </value>
            </param>
            <param index="1">
              <value>
                <![CDATA[admin123]]>
              </value>
            </param>
            <param index="2">
              <value>
                <![CDATA[test fname]]>
              </value>
            </param>
            <param index="3">
              <value>
                <![CDATA[test lname]]>
              </value>
            </param>
          </params>
          <reporter-output>
          </reporter-output>
        </test-method> <!-- addEmployee -->
      </class> <!-- com.allianz.test.AddEmployeeTest -->
    </test> <!-- Default test -->
  </suite> <!-- Default suite -->
</testng-results>
