<?xml version="1.0" encoding="UTF-8"?>
<!-- Generated by org.testng.reporters.JUnitXMLReporter -->
<testsuite ignored="0" hostname="DESKTOP-5BKKI8L" failures="0" tests="6" name="Multiple Classes Test" time="306.855" errors="0" timestamp="2024-05-07T02:35:26 PDT">
  <testcase classname="com.allianz.test.LoginUITest" name="applicationTest" time="24.082"/>
  <testcase classname="com.allianz.test.LoginUITest" name="titleTest" time="0.033"/>
  <testcase classname="com.allianz.test.LoginTest" name="invalidLoginTest" time="52.702"/>
  <testcase classname="com.allianz.test.LoginTest" name="invalidLoginTest" time="2.562"/>
  <testcase classname="com.allianz.test.LoginTest" name="validLoginTest" time="2.952"/>
  <testcase classname="com.allianz.test.LoginTest" name="validLoginTest" time="4.705"/>
</testsuite> <!-- Multiple Classes Test -->
