<?xml version="1.0" encoding="UTF-8"?>
<!-- Generated by org.testng.reporters.JUnitXMLReporter -->
<testsuite ignored="1" hostname="DESKTOP-5BKKI8L" failures="0" tests="2" name="UI Test-Chrome" time="36.386" errors="0" timestamp="2024-05-07T04:06:17 PDT">
  <testcase classname="com.allianz.test.LoginTest" name="validLoginTest" time="4.071"/>
  <testcase classname="com.allianz.test.LoginTest" name="validLoginTest" time="4.059"/>
  <testcase classname="com.allianz.test.LoginTest" name="invalidLoginTest" time="0.0">
    <ignored/>
  </testcase> <!-- invalidLoginTest -->
</testsuite> <!-- UI Test-Chrome -->
