<?xml version="1.0" encoding="UTF-8"?>
<!-- Generated by org.testng.reporters.JUnitXMLReporter -->
<testsuite ignored="1" hostname="DESKTOP-5BKKI8L" failures="0" tests="1" name="UI Test-Edge" time="17.822" errors="0" timestamp="2024-05-07T04:05:40 PDT">
  <testcase classname="com.allianz.test.LoginUITest" name="applicationTest" time="1.22"/>
  <testcase classname="com.allianz.test.LoginUITest" name="titleTest" time="0.0">
    <ignored/>
  </testcase> <!-- titleTest -->
</testsuite> <!-- UI Test-Edge -->
